  Application.cpp
C:\dev\GameEngine\OpenGL\OpenGL\src\Application.cpp(1,10): error C1083: Cannot open include file: 'GL/glew.h': No such file or directory
  IndexBuffer.cpp
C:\dev\GameEngine\OpenGL\OpenGL\src\Renderer.h(3,10): error C1083: Cannot open include file: 'GL/glew.h': No such file or directory
  (compiling source file 'src/IndexBuffer.cpp')
  
  Renderer.cpp
C:\dev\GameEngine\OpenGL\OpenGL\src\Renderer.h(3,10): error C1083: Cannot open include file: 'GL/glew.h': No such file or directory
  (compiling source file 'src/Renderer.cpp')
  
  Shader.cpp
C:\dev\GameEngine\OpenGL\OpenGL\src\Shader.h(3,10): error C1083: Cannot open include file: 'glm/glm.hpp': No such file or directory
  (compiling source file 'src/Shader.cpp')
  
  Texture.cpp
C:\dev\GameEngine\OpenGL\OpenGL\src\Renderer.h(3,10): error C1083: Cannot open include file: 'GL/glew.h': No such file or directory
  (compiling source file 'src/Texture.cpp')
  
  glm.cpp
C:\dev\GameEngine\OpenGL\OpenGL\src\vendor\glm\detail\glm.cpp(7,10): error C1083: Cannot open include file: 'glm/gtx/dual_quaternion.hpp': No such file or directory
  imgui_tables.cpp
\src\vendor\imgui\imgui_tables.cpp(1,1): error C1083: Cannot open source file: 'src\vendor\imgui\imgui_tables.cpp': No such file or directory
  (compiling source file '/src/vendor/imgui/imgui_tables.cpp')
  
  imgui_widgets.cpp
\src\vendor\imgui\imgui_widgets.cpp(1,1): error C1083: Cannot open source file: 'src\vendor\imgui\imgui_widgets.cpp': No such file or directory
  (compiling source file '/src/vendor/imgui/imgui_widgets.cpp')
  
  VertexArray.cpp
C:\dev\GameEngine\OpenGL\OpenGL\src\VertexBufferLayout.h(4,10): error C1083: Cannot open include file: 'GL\glew.h': No such file or directory
  (compiling source file 'src/VertexArray.cpp')
  
  VertexBuffer.cpp
C:\dev\GameEngine\OpenGL\OpenGL\src\Renderer.h(3,10): error C1083: Cannot open include file: 'GL/glew.h': No such file or directory
  (compiling source file 'src/VertexBuffer.cpp')
  
  Generating Code...
